/data/pnl/home/gj936/U24/Clinical_qc/flowqc/REAL_DATA/combined_forms_prescient.py:419: SettingWithCopyWarning: 
A value is trying to be set on a copy of a slice from a DataFrame.
Try using .loc[row_indexer,col_indexer] = value instead

See the caveats in the documentation: https://pandas.pydata.org/pandas-docs/stable/user_guide/indexing.html#returning-a-view-versus-a-copy
  site_scr_final['day'] = numbers
/data/pnl/home/gj936/U24/Clinical_qc/flowqc/REAL_DATA/combined_forms_prescient.py:421: SettingWithCopyWarning: 
A value is trying to be set on a copy of a slice from a DataFrame.
Try using .loc[row_indexer,col_indexer] = value instead

See the caveats in the documentation: https://pandas.pydata.org/pandas-docs/stable/user_guide/indexing.html#returning-a-view-versus-a-copy
  site_scr_final['num'] = numbers
/data/pnl/home/gj936/U24/Clinical_qc/flowqc/REAL_DATA/combined_forms_prescient.py:457: SettingWithCopyWarning: 
A value is trying to be set on a copy of a slice from a DataFrame.
Try using .loc[row_indexer,col_indexer] = value instead

See the caveats in the documentation: https://pandas.pydata.org/pandas-docs/stable/user_guide/indexing.html#returning-a-view-versus-a-copy
  site_final['day'] = numbers
/data/pnl/home/gj936/U24/Clinical_qc/flowqc/REAL_DATA/combined_forms_prescient.py:459: SettingWithCopyWarning: 
A value is trying to be set on a copy of a slice from a DataFrame.
Try using .loc[row_indexer,col_indexer] = value instead

See the caveats in the documentation: https://pandas.pydata.org/pandas-docs/stable/user_guide/indexing.html#returning-a-view-versus-a-copy
  site_final['num'] = numbers
/data/pnl/home/gj936/U24/Clinical_qc/flowqc/REAL_DATA/combined_forms_prescient.py:507: SettingWithCopyWarning: 
A value is trying to be set on a copy of a slice from a DataFrame.
Try using .loc[row_indexer,col_indexer] = value instead

See the caveats in the documentation: https://pandas.pydata.org/pandas-docs/stable/user_guide/indexing.html#returning-a-view-versus-a-copy
  site_final['day'] = numbers
/data/pnl/home/gj936/U24/Clinical_qc/flowqc/REAL_DATA/combined_forms_prescient.py:509: SettingWithCopyWarning: 
A value is trying to be set on a copy of a slice from a DataFrame.
Try using .loc[row_indexer,col_indexer] = value instead

See the caveats in the documentation: https://pandas.pydata.org/pandas-docs/stable/user_guide/indexing.html#returning-a-view-versus-a-copy
  site_final['num'] = numbers
/data/pnl/home/gj936/U24/Clinical_qc/flowqc/REAL_DATA/combined_forms_prescient.py:507: SettingWithCopyWarning: 
A value is trying to be set on a copy of a slice from a DataFrame.
Try using .loc[row_indexer,col_indexer] = value instead

See the caveats in the documentation: https://pandas.pydata.org/pandas-docs/stable/user_guide/indexing.html#returning-a-view-versus-a-copy
  site_final['day'] = numbers
/data/pnl/home/gj936/U24/Clinical_qc/flowqc/REAL_DATA/combined_forms_prescient.py:509: SettingWithCopyWarning: 
A value is trying to be set on a copy of a slice from a DataFrame.
Try using .loc[row_indexer,col_indexer] = value instead

See the caveats in the documentation: https://pandas.pydata.org/pandas-docs/stable/user_guide/indexing.html#returning-a-view-versus-a-copy
  site_final['num'] = numbers
/data/pnl/home/gj936/U24/Clinical_qc/flowqc/REAL_DATA/combined_forms_prescient.py:507: SettingWithCopyWarning: 
A value is trying to be set on a copy of a slice from a DataFrame.
Try using .loc[row_indexer,col_indexer] = value instead

See the caveats in the documentation: https://pandas.pydata.org/pandas-docs/stable/user_guide/indexing.html#returning-a-view-versus-a-copy
  site_final['day'] = numbers
/data/pnl/home/gj936/U24/Clinical_qc/flowqc/REAL_DATA/combined_forms_prescient.py:509: SettingWithCopyWarning: 
A value is trying to be set on a copy of a slice from a DataFrame.
Try using .loc[row_indexer,col_indexer] = value instead

See the caveats in the documentation: https://pandas.pydata.org/pandas-docs/stable/user_guide/indexing.html#returning-a-view-versus-a-copy
  site_final['num'] = numbers
/data/pnl/home/gj936/U24/Clinical_qc/flowqc/REAL_DATA/combined_forms_prescient.py:507: SettingWithCopyWarning: 
A value is trying to be set on a copy of a slice from a DataFrame.
Try using .loc[row_indexer,col_indexer] = value instead

See the caveats in the documentation: https://pandas.pydata.org/pandas-docs/stable/user_guide/indexing.html#returning-a-view-versus-a-copy
  site_final['day'] = numbers
/data/pnl/home/gj936/U24/Clinical_qc/flowqc/REAL_DATA/combined_forms_prescient.py:509: SettingWithCopyWarning: 
A value is trying to be set on a copy of a slice from a DataFrame.
Try using .loc[row_indexer,col_indexer] = value instead

See the caveats in the documentation: https://pandas.pydata.org/pandas-docs/stable/user_guide/indexing.html#returning-a-view-versus-a-copy
  site_final['num'] = numbers
/data/pnl/home/gj936/U24/Clinical_qc/flowqc/REAL_DATA/combined_forms_prescient.py:507: SettingWithCopyWarning: 
A value is trying to be set on a copy of a slice from a DataFrame.
Try using .loc[row_indexer,col_indexer] = value instead

See the caveats in the documentation: https://pandas.pydata.org/pandas-docs/stable/user_guide/indexing.html#returning-a-view-versus-a-copy
  site_final['day'] = numbers
/data/pnl/home/gj936/U24/Clinical_qc/flowqc/REAL_DATA/combined_forms_prescient.py:509: SettingWithCopyWarning: 
A value is trying to be set on a copy of a slice from a DataFrame.
Try using .loc[row_indexer,col_indexer] = value instead

See the caveats in the documentation: https://pandas.pydata.org/pandas-docs/stable/user_guide/indexing.html#returning-a-view-versus-a-copy
  site_final['num'] = numbers
/data/pnl/home/gj936/U24/Clinical_qc/flowqc/REAL_DATA/combined_forms_prescient.py:507: SettingWithCopyWarning: 
A value is trying to be set on a copy of a slice from a DataFrame.
Try using .loc[row_indexer,col_indexer] = value instead

See the caveats in the documentation: https://pandas.pydata.org/pandas-docs/stable/user_guide/indexing.html#returning-a-view-versus-a-copy
  site_final['day'] = numbers
/data/pnl/home/gj936/U24/Clinical_qc/flowqc/REAL_DATA/combined_forms_prescient.py:509: SettingWithCopyWarning: 
A value is trying to be set on a copy of a slice from a DataFrame.
Try using .loc[row_indexer,col_indexer] = value instead

See the caveats in the documentation: https://pandas.pydata.org/pandas-docs/stable/user_guide/indexing.html#returning-a-view-versus-a-copy
  site_final['num'] = numbers
/data/pnl/home/gj936/U24/Clinical_qc/flowqc/REAL_DATA/combined_forms_prescient.py:507: SettingWithCopyWarning: 
A value is trying to be set on a copy of a slice from a DataFrame.
Try using .loc[row_indexer,col_indexer] = value instead

See the caveats in the documentation: https://pandas.pydata.org/pandas-docs/stable/user_guide/indexing.html#returning-a-view-versus-a-copy
  site_final['day'] = numbers
/data/pnl/home/gj936/U24/Clinical_qc/flowqc/REAL_DATA/combined_forms_prescient.py:509: SettingWithCopyWarning: 
A value is trying to be set on a copy of a slice from a DataFrame.
Try using .loc[row_indexer,col_indexer] = value instead

See the caveats in the documentation: https://pandas.pydata.org/pandas-docs/stable/user_guide/indexing.html#returning-a-view-versus-a-copy
  site_final['num'] = numbers
/data/pnl/home/gj936/U24/Clinical_qc/flowqc/REAL_DATA/combined_forms_prescient.py:507: SettingWithCopyWarning: 
A value is trying to be set on a copy of a slice from a DataFrame.
Try using .loc[row_indexer,col_indexer] = value instead

See the caveats in the documentation: https://pandas.pydata.org/pandas-docs/stable/user_guide/indexing.html#returning-a-view-versus-a-copy
  site_final['day'] = numbers
/data/pnl/home/gj936/U24/Clinical_qc/flowqc/REAL_DATA/combined_forms_prescient.py:509: SettingWithCopyWarning: 
A value is trying to be set on a copy of a slice from a DataFrame.
Try using .loc[row_indexer,col_indexer] = value instead

See the caveats in the documentation: https://pandas.pydata.org/pandas-docs/stable/user_guide/indexing.html#returning-a-view-versus-a-copy
  site_final['num'] = numbers
/data/pnl/home/gj936/U24/Clinical_qc/flowqc/REAL_DATA/combined_forms_prescient.py:507: SettingWithCopyWarning: 
A value is trying to be set on a copy of a slice from a DataFrame.
Try using .loc[row_indexer,col_indexer] = value instead

See the caveats in the documentation: https://pandas.pydata.org/pandas-docs/stable/user_guide/indexing.html#returning-a-view-versus-a-copy
  site_final['day'] = numbers
/data/pnl/home/gj936/U24/Clinical_qc/flowqc/REAL_DATA/combined_forms_prescient.py:509: SettingWithCopyWarning: 
A value is trying to be set on a copy of a slice from a DataFrame.
Try using .loc[row_indexer,col_indexer] = value instead

See the caveats in the documentation: https://pandas.pydata.org/pandas-docs/stable/user_guide/indexing.html#returning-a-view-versus-a-copy
  site_final['num'] = numbers
/data/pnl/home/gj936/U24/Clinical_qc/flowqc/REAL_DATA/combined_forms_prescient.py:507: SettingWithCopyWarning: 
A value is trying to be set on a copy of a slice from a DataFrame.
Try using .loc[row_indexer,col_indexer] = value instead

See the caveats in the documentation: https://pandas.pydata.org/pandas-docs/stable/user_guide/indexing.html#returning-a-view-versus-a-copy
  site_final['day'] = numbers
/data/pnl/home/gj936/U24/Clinical_qc/flowqc/REAL_DATA/combined_forms_prescient.py:509: SettingWithCopyWarning: 
A value is trying to be set on a copy of a slice from a DataFrame.
Try using .loc[row_indexer,col_indexer] = value instead

See the caveats in the documentation: https://pandas.pydata.org/pandas-docs/stable/user_guide/indexing.html#returning-a-view-versus-a-copy
  site_final['num'] = numbers
/data/pnl/home/gj936/U24/Clinical_qc/flowqc/REAL_DATA/combined_forms_prescient.py:507: SettingWithCopyWarning: 
A value is trying to be set on a copy of a slice from a DataFrame.
Try using .loc[row_indexer,col_indexer] = value instead

See the caveats in the documentation: https://pandas.pydata.org/pandas-docs/stable/user_guide/indexing.html#returning-a-view-versus-a-copy
  site_final['day'] = numbers
/data/pnl/home/gj936/U24/Clinical_qc/flowqc/REAL_DATA/combined_forms_prescient.py:509: SettingWithCopyWarning: 
A value is trying to be set on a copy of a slice from a DataFrame.
Try using .loc[row_indexer,col_indexer] = value instead

See the caveats in the documentation: https://pandas.pydata.org/pandas-docs/stable/user_guide/indexing.html#returning-a-view-versus-a-copy
  site_final['num'] = numbers
/data/pnl/home/gj936/U24/Clinical_qc/flowqc/REAL_DATA/combined_forms_prescient.py:507: SettingWithCopyWarning: 
A value is trying to be set on a copy of a slice from a DataFrame.
Try using .loc[row_indexer,col_indexer] = value instead

See the caveats in the documentation: https://pandas.pydata.org/pandas-docs/stable/user_guide/indexing.html#returning-a-view-versus-a-copy
  site_final['day'] = numbers
/data/pnl/home/gj936/U24/Clinical_qc/flowqc/REAL_DATA/combined_forms_prescient.py:509: SettingWithCopyWarning: 
A value is trying to be set on a copy of a slice from a DataFrame.
Try using .loc[row_indexer,col_indexer] = value instead

See the caveats in the documentation: https://pandas.pydata.org/pandas-docs/stable/user_guide/indexing.html#returning-a-view-versus-a-copy
  site_final['num'] = numbers
/data/pnl/home/gj936/U24/Clinical_qc/flowqc/REAL_DATA/combined_forms_prescient.py:419: SettingWithCopyWarning: 
A value is trying to be set on a copy of a slice from a DataFrame.
Try using .loc[row_indexer,col_indexer] = value instead

See the caveats in the documentation: https://pandas.pydata.org/pandas-docs/stable/user_guide/indexing.html#returning-a-view-versus-a-copy
  site_scr_final['day'] = numbers
/data/pnl/home/gj936/U24/Clinical_qc/flowqc/REAL_DATA/combined_forms_prescient.py:421: SettingWithCopyWarning: 
A value is trying to be set on a copy of a slice from a DataFrame.
Try using .loc[row_indexer,col_indexer] = value instead

See the caveats in the documentation: https://pandas.pydata.org/pandas-docs/stable/user_guide/indexing.html#returning-a-view-versus-a-copy
  site_scr_final['num'] = numbers
/data/pnl/home/gj936/U24/Clinical_qc/flowqc/REAL_DATA/combined_forms_prescient.py:457: SettingWithCopyWarning: 
A value is trying to be set on a copy of a slice from a DataFrame.
Try using .loc[row_indexer,col_indexer] = value instead

See the caveats in the documentation: https://pandas.pydata.org/pandas-docs/stable/user_guide/indexing.html#returning-a-view-versus-a-copy
  site_final['day'] = numbers
/data/pnl/home/gj936/U24/Clinical_qc/flowqc/REAL_DATA/combined_forms_prescient.py:459: SettingWithCopyWarning: 
A value is trying to be set on a copy of a slice from a DataFrame.
Try using .loc[row_indexer,col_indexer] = value instead

See the caveats in the documentation: https://pandas.pydata.org/pandas-docs/stable/user_guide/indexing.html#returning-a-view-versus-a-copy
  site_final['num'] = numbers
/data/pnl/home/gj936/U24/Clinical_qc/flowqc/REAL_DATA/combined_forms_prescient.py:507: SettingWithCopyWarning: 
A value is trying to be set on a copy of a slice from a DataFrame.
Try using .loc[row_indexer,col_indexer] = value instead

See the caveats in the documentation: https://pandas.pydata.org/pandas-docs/stable/user_guide/indexing.html#returning-a-view-versus-a-copy
  site_final['day'] = numbers
/data/pnl/home/gj936/U24/Clinical_qc/flowqc/REAL_DATA/combined_forms_prescient.py:509: SettingWithCopyWarning: 
A value is trying to be set on a copy of a slice from a DataFrame.
Try using .loc[row_indexer,col_indexer] = value instead

See the caveats in the documentation: https://pandas.pydata.org/pandas-docs/stable/user_guide/indexing.html#returning-a-view-versus-a-copy
  site_final['num'] = numbers
/data/pnl/home/gj936/U24/Clinical_qc/flowqc/REAL_DATA/combined_forms_prescient.py:507: SettingWithCopyWarning: 
A value is trying to be set on a copy of a slice from a DataFrame.
Try using .loc[row_indexer,col_indexer] = value instead

See the caveats in the documentation: https://pandas.pydata.org/pandas-docs/stable/user_guide/indexing.html#returning-a-view-versus-a-copy
  site_final['day'] = numbers
/data/pnl/home/gj936/U24/Clinical_qc/flowqc/REAL_DATA/combined_forms_prescient.py:509: SettingWithCopyWarning: 
A value is trying to be set on a copy of a slice from a DataFrame.
Try using .loc[row_indexer,col_indexer] = value instead

See the caveats in the documentation: https://pandas.pydata.org/pandas-docs/stable/user_guide/indexing.html#returning-a-view-versus-a-copy
  site_final['num'] = numbers
/data/pnl/home/gj936/U24/Clinical_qc/flowqc/REAL_DATA/combined_forms_prescient.py:507: SettingWithCopyWarning: 
A value is trying to be set on a copy of a slice from a DataFrame.
Try using .loc[row_indexer,col_indexer] = value instead

See the caveats in the documentation: https://pandas.pydata.org/pandas-docs/stable/user_guide/indexing.html#returning-a-view-versus-a-copy
  site_final['day'] = numbers
/data/pnl/home/gj936/U24/Clinical_qc/flowqc/REAL_DATA/combined_forms_prescient.py:509: SettingWithCopyWarning: 
A value is trying to be set on a copy of a slice from a DataFrame.
Try using .loc[row_indexer,col_indexer] = value instead

See the caveats in the documentation: https://pandas.pydata.org/pandas-docs/stable/user_guide/indexing.html#returning-a-view-versus-a-copy
  site_final['num'] = numbers
/data/pnl/home/gj936/U24/Clinical_qc/flowqc/REAL_DATA/combined_forms_prescient.py:507: SettingWithCopyWarning: 
A value is trying to be set on a copy of a slice from a DataFrame.
Try using .loc[row_indexer,col_indexer] = value instead

See the caveats in the documentation: https://pandas.pydata.org/pandas-docs/stable/user_guide/indexing.html#returning-a-view-versus-a-copy
  site_final['day'] = numbers
/data/pnl/home/gj936/U24/Clinical_qc/flowqc/REAL_DATA/combined_forms_prescient.py:509: SettingWithCopyWarning: 
A value is trying to be set on a copy of a slice from a DataFrame.
Try using .loc[row_indexer,col_indexer] = value instead

See the caveats in the documentation: https://pandas.pydata.org/pandas-docs/stable/user_guide/indexing.html#returning-a-view-versus-a-copy
  site_final['num'] = numbers
/data/pnl/home/gj936/U24/Clinical_qc/flowqc/REAL_DATA/combined_forms_prescient.py:507: SettingWithCopyWarning: 
A value is trying to be set on a copy of a slice from a DataFrame.
Try using .loc[row_indexer,col_indexer] = value instead

See the caveats in the documentation: https://pandas.pydata.org/pandas-docs/stable/user_guide/indexing.html#returning-a-view-versus-a-copy
  site_final['day'] = numbers
/data/pnl/home/gj936/U24/Clinical_qc/flowqc/REAL_DATA/combined_forms_prescient.py:509: SettingWithCopyWarning: 
A value is trying to be set on a copy of a slice from a DataFrame.
Try using .loc[row_indexer,col_indexer] = value instead

See the caveats in the documentation: https://pandas.pydata.org/pandas-docs/stable/user_guide/indexing.html#returning-a-view-versus-a-copy
  site_final['num'] = numbers
/data/pnl/home/gj936/U24/Clinical_qc/flowqc/REAL_DATA/combined_forms_prescient.py:507: SettingWithCopyWarning: 
A value is trying to be set on a copy of a slice from a DataFrame.
Try using .loc[row_indexer,col_indexer] = value instead

See the caveats in the documentation: https://pandas.pydata.org/pandas-docs/stable/user_guide/indexing.html#returning-a-view-versus-a-copy
  site_final['day'] = numbers
/data/pnl/home/gj936/U24/Clinical_qc/flowqc/REAL_DATA/combined_forms_prescient.py:509: SettingWithCopyWarning: 
A value is trying to be set on a copy of a slice from a DataFrame.
Try using .loc[row_indexer,col_indexer] = value instead

See the caveats in the documentation: https://pandas.pydata.org/pandas-docs/stable/user_guide/indexing.html#returning-a-view-versus-a-copy
  site_final['num'] = numbers
/data/pnl/home/gj936/U24/Clinical_qc/flowqc/REAL_DATA/combined_forms_prescient.py:507: SettingWithCopyWarning: 
A value is trying to be set on a copy of a slice from a DataFrame.
Try using .loc[row_indexer,col_indexer] = value instead

See the caveats in the documentation: https://pandas.pydata.org/pandas-docs/stable/user_guide/indexing.html#returning-a-view-versus-a-copy
  site_final['day'] = numbers
/data/pnl/home/gj936/U24/Clinical_qc/flowqc/REAL_DATA/combined_forms_prescient.py:509: SettingWithCopyWarning: 
A value is trying to be set on a copy of a slice from a DataFrame.
Try using .loc[row_indexer,col_indexer] = value instead

See the caveats in the documentation: https://pandas.pydata.org/pandas-docs/stable/user_guide/indexing.html#returning-a-view-versus-a-copy
  site_final['num'] = numbers
/data/pnl/home/gj936/U24/Clinical_qc/flowqc/REAL_DATA/combined_forms_prescient.py:507: SettingWithCopyWarning: 
A value is trying to be set on a copy of a slice from a DataFrame.
Try using .loc[row_indexer,col_indexer] = value instead

See the caveats in the documentation: https://pandas.pydata.org/pandas-docs/stable/user_guide/indexing.html#returning-a-view-versus-a-copy
  site_final['day'] = numbers
/data/pnl/home/gj936/U24/Clinical_qc/flowqc/REAL_DATA/combined_forms_prescient.py:509: SettingWithCopyWarning: 
A value is trying to be set on a copy of a slice from a DataFrame.
Try using .loc[row_indexer,col_indexer] = value instead

See the caveats in the documentation: https://pandas.pydata.org/pandas-docs/stable/user_guide/indexing.html#returning-a-view-versus-a-copy
  site_final['num'] = numbers
/data/pnl/home/gj936/U24/Clinical_qc/flowqc/REAL_DATA/combined_forms_prescient.py:507: SettingWithCopyWarning: 
A value is trying to be set on a copy of a slice from a DataFrame.
Try using .loc[row_indexer,col_indexer] = value instead

See the caveats in the documentation: https://pandas.pydata.org/pandas-docs/stable/user_guide/indexing.html#returning-a-view-versus-a-copy
  site_final['day'] = numbers
/data/pnl/home/gj936/U24/Clinical_qc/flowqc/REAL_DATA/combined_forms_prescient.py:509: SettingWithCopyWarning: 
A value is trying to be set on a copy of a slice from a DataFrame.
Try using .loc[row_indexer,col_indexer] = value instead

See the caveats in the documentation: https://pandas.pydata.org/pandas-docs/stable/user_guide/indexing.html#returning-a-view-versus-a-copy
  site_final['num'] = numbers
/data/pnl/home/gj936/U24/Clinical_qc/flowqc/REAL_DATA/combined_forms_prescient.py:507: SettingWithCopyWarning: 
A value is trying to be set on a copy of a slice from a DataFrame.
Try using .loc[row_indexer,col_indexer] = value instead

See the caveats in the documentation: https://pandas.pydata.org/pandas-docs/stable/user_guide/indexing.html#returning-a-view-versus-a-copy
  site_final['day'] = numbers
/data/pnl/home/gj936/U24/Clinical_qc/flowqc/REAL_DATA/combined_forms_prescient.py:509: SettingWithCopyWarning: 
A value is trying to be set on a copy of a slice from a DataFrame.
Try using .loc[row_indexer,col_indexer] = value instead

See the caveats in the documentation: https://pandas.pydata.org/pandas-docs/stable/user_guide/indexing.html#returning-a-view-versus-a-copy
  site_final['num'] = numbers
/data/pnl/home/gj936/U24/Clinical_qc/flowqc/REAL_DATA/combined_forms_prescient.py:507: SettingWithCopyWarning: 
A value is trying to be set on a copy of a slice from a DataFrame.
Try using .loc[row_indexer,col_indexer] = value instead

See the caveats in the documentation: https://pandas.pydata.org/pandas-docs/stable/user_guide/indexing.html#returning-a-view-versus-a-copy
  site_final['day'] = numbers
/data/pnl/home/gj936/U24/Clinical_qc/flowqc/REAL_DATA/combined_forms_prescient.py:509: SettingWithCopyWarning: 
A value is trying to be set on a copy of a slice from a DataFrame.
Try using .loc[row_indexer,col_indexer] = value instead

See the caveats in the documentation: https://pandas.pydata.org/pandas-docs/stable/user_guide/indexing.html#returning-a-view-versus-a-copy
  site_final['num'] = numbers
/data/pnl/home/gj936/U24/Clinical_qc/flowqc/REAL_DATA/combined_forms_prescient.py:507: SettingWithCopyWarning: 
A value is trying to be set on a copy of a slice from a DataFrame.
Try using .loc[row_indexer,col_indexer] = value instead

See the caveats in the documentation: https://pandas.pydata.org/pandas-docs/stable/user_guide/indexing.html#returning-a-view-versus-a-copy
  site_final['day'] = numbers
/data/pnl/home/gj936/U24/Clinical_qc/flowqc/REAL_DATA/combined_forms_prescient.py:509: SettingWithCopyWarning: 
A value is trying to be set on a copy of a slice from a DataFrame.
Try using .loc[row_indexer,col_indexer] = value instead

See the caveats in the documentation: https://pandas.pydata.org/pandas-docs/stable/user_guide/indexing.html#returning-a-view-versus-a-copy
  site_final['num'] = numbers
Traceback (most recent call last):
  File "/data/pnl/soft/pnlpipe3/miniconda3/envs/pnlpipe3/lib/python3.6/site-packages/pandas/core/indexes/base.py", line 2898, in get_loc
    return self._engine.get_loc(casted_key)
  File "pandas/_libs/index.pyx", line 70, in pandas._libs.index.IndexEngine.get_loc
  File "pandas/_libs/index.pyx", line 101, in pandas._libs.index.IndexEngine.get_loc
  File "pandas/_libs/hashtable_class_helper.pxi", line 1675, in pandas._libs.hashtable.PyObjectHashTable.get_item
  File "pandas/_libs/hashtable_class_helper.pxi", line 1683, in pandas._libs.hashtable.PyObjectHashTable.get_item
KeyError: 'mpract_valid_code'

The above exception was the direct cause of the following exception:

Traceback (most recent call last):
  File "/data/pnl/home/gj936/U24/Clinical_qc/flowqc/cognition/combining_cognitive_data.py", line 252, in <module>
    summary_form.at[0, var_vis] = data.at[0, var]
  File "/data/pnl/soft/pnlpipe3/miniconda3/envs/pnlpipe3/lib/python3.6/site-packages/pandas/core/indexing.py", line 2078, in __getitem__
    return super().__getitem__(key)
  File "/data/pnl/soft/pnlpipe3/miniconda3/envs/pnlpipe3/lib/python3.6/site-packages/pandas/core/indexing.py", line 2025, in __getitem__
    return self.obj._get_value(*key, takeable=self._takeable)
  File "/data/pnl/soft/pnlpipe3/miniconda3/envs/pnlpipe3/lib/python3.6/site-packages/pandas/core/frame.py", line 3010, in _get_value
    series = self._get_item_cache(col)
  File "/data/pnl/soft/pnlpipe3/miniconda3/envs/pnlpipe3/lib/python3.6/site-packages/pandas/core/generic.py", line 3542, in _get_item_cache
    loc = self.columns.get_loc(item)
  File "/data/pnl/soft/pnlpipe3/miniconda3/envs/pnlpipe3/lib/python3.6/site-packages/pandas/core/indexes/base.py", line 2900, in get_loc
    raise KeyError(key) from err
KeyError: 'mpract_valid_code'
Traceback (most recent call last):
  File "/data/pnl/soft/pnlpipe3/miniconda3/envs/pnlpipe3/lib/python3.6/site-packages/pandas/core/indexes/base.py", line 2898, in get_loc
    return self._engine.get_loc(casted_key)
  File "pandas/_libs/index.pyx", line 70, in pandas._libs.index.IndexEngine.get_loc
  File "pandas/_libs/index.pyx", line 98, in pandas._libs.index.IndexEngine.get_loc
  File "pandas/_libs/index_class_helper.pxi", line 93, in pandas._libs.index.Int64Engine._check_type
KeyError: 'screening_arm_2'

The above exception was the direct cause of the following exception:

Traceback (most recent call last):
  File "/data/pnl/home/gj936/U24/Clinical_qc/flowqc/REAL_DATA/combined_forms_both_networks.py", line 887, in <module>
    screening_perc = pd.DataFrame(percentages.loc[screening])
  File "/data/pnl/soft/pnlpipe3/miniconda3/envs/pnlpipe3/lib/python3.6/site-packages/pandas/core/indexing.py", line 879, in __getitem__
    return self._getitem_axis(maybe_callable, axis=axis)
  File "/data/pnl/soft/pnlpipe3/miniconda3/envs/pnlpipe3/lib/python3.6/site-packages/pandas/core/indexing.py", line 1110, in _getitem_axis
    return self._get_label(key, axis=axis)
  File "/data/pnl/soft/pnlpipe3/miniconda3/envs/pnlpipe3/lib/python3.6/site-packages/pandas/core/indexing.py", line 1059, in _get_label
    return self.obj.xs(label, axis=axis)
  File "/data/pnl/soft/pnlpipe3/miniconda3/envs/pnlpipe3/lib/python3.6/site-packages/pandas/core/generic.py", line 3493, in xs
    loc = self.index.get_loc(key)
  File "/data/pnl/soft/pnlpipe3/miniconda3/envs/pnlpipe3/lib/python3.6/site-packages/pandas/core/indexes/base.py", line 2900, in get_loc
    raise KeyError(key) from err
KeyError: 'screening_arm_2'
